# JRE version: Java(TM) SE Runtime Environment (17.0.12+8) (build 17.0.12+8-LTS-286)
# Java VM: Java HotSpot(TM) 64-Bit Server VM (17.0.12+8-LTS-286, mixed mode, emulated-client, sharing, tiered, compressed oops, compressed class ptrs, g1 gc, windows-amd64)
GC Precious Log:
 CPUs: 16 total, 16 available
 Memory: 7501M
 Large Page Support: Disabled
 NUMA Support: Disabled
 Compressed Oops: Enabled (32-bit)
 Heap Region Size: 1M
 Heap Min Capacity: 8M
 Heap Initial Capacity: 118M
 Heap Max Capacity: 1876M
 Pre-touch: Disabled
 Parallel Workers: 13
 Concurrent Workers: 3
 Concurrent Refinement Workers: 13
 Periodic GC: Disabled
Heap:
 garbage-first heap   total 147456K, used 48488K [0x000000008ac00000, 0x0000000100000000)
  region size 1024K, 5 young (5120K), 2 survivors (2048K)
 Metaspace       used 72500K, committed 73024K, reserved 1114112K
  class space    used 10638K, committed 10880K, reserved 1048576K
GC Heap History (20 events):
Event: 52430.180 GC heap before
{Heap before GC invocations=39 (full 2):
 garbage-first heap   total 147456K, used 123870K [0x000000008ac00000, 0x0000000100000000)
  region size 1024K, 77 young (78848K), 1 survivors (1024K)
 Metaspace       used 72497K, committed 73024K, reserved 1114112K
  class space    used 10637K, committed 10880K, reserved 1048576K
}
Event: 52430.218 GC heap after
{Heap after GC invocations=40 (full 2):
 garbage-first heap   total 147456K, used 45914K [0x000000008ac00000, 0x0000000100000000)
  region size 1024K, 1 young (1024K), 1 survivors (1024K)
 Metaspace       used 72497K, committed 73024K, reserved 1114112K
  class space    used 10637K, committed 10880K, reserved 1048576K
}
Event: 53186.220 GC heap before
{Heap before GC invocations=40 (full 2):
 garbage-first heap   total 147456K, used 124762K [0x000000008ac00000, 0x0000000100000000)
  region size 1024K, 78 young (79872K), 1 survivors (1024K)
 Metaspace       used 72497K, committed 73024K, reserved 1114112K
  class space    used 10637K, committed 10880K, reserved 1048576K
}
Event: 53186.270 GC heap after
{Heap after GC invocations=41 (full 2):
 garbage-first heap   total 147456K, used 46047K [0x000000008ac00000, 0x0000000100000000)
  region size 1024K, 1 young (1024K), 1 survivors (1024K)
 Metaspace       used 72497K, committed 73024K, reserved 1114112K
  class space    used 10637K, committed 10880K, reserved 1048576K
}
Event: 54011.839 GC heap before
{Heap before GC invocations=41 (full 2):
 garbage-first heap   total 147456K, used 124895K [0x000000008ac00000, 0x0000000100000000)
  region size 1024K, 78 young (79872K), 1 survivors (1024K)
 Metaspace       used 72497K, committed 73024K, reserved 1114112K
  class space    used 10637K, committed 10880K, reserved 1048576K
}
Event: 54011.897 GC heap after
{Heap after GC invocations=42 (full 2):
 garbage-first heap   total 147456K, used 45948K [0x000000008ac00000, 0x0000000100000000)
  region size 1024K, 1 young (1024K), 1 survivors (1024K)
 Metaspace       used 72497K, committed 73024K, reserved 1114112K
  class space    used 10637K, committed 10880K, reserved 1048576K
}
Event: 54767.455 GC heap before
{Heap before GC invocations=42 (full 2):
 garbage-first heap   total 147456K, used 124796K [0x000000008ac00000, 0x0000000100000000)
  region size 1024K, 78 young (79872K), 1 survivors (1024K)
 Metaspace       used 72497K, committed 73024K, reserved 1114112K
  class space    used 10637K, committed 10880K, reserved 1048576K
}
Event: 54767.623 GC heap after
{Heap after GC invocations=43 (full 2):
 garbage-first heap   total 147456K, used 46101K [0x000000008ac00000, 0x0000000100000000)
  region size 1024K, 1 young (1024K), 1 survivors (1024K)
 Metaspace       used 72497K, committed 73024K, reserved 1114112K
  class space    used 10637K, committed 10880K, reserved 1048576K
}
Event: 59646.433 GC heap before
{Heap before GC invocations=43 (full 2):
 garbage-first heap   total 147456K, used 124949K [0x000000008ac00000, 0x0000000100000000)
  region size 1024K, 78 young (79872K), 1 survivors (1024K)
 Metaspace       used 72497K, committed 73024K, reserved 1114112K
  class space    used 10637K, committed 10880K, reserved 1048576K
}
Event: 59646.489 GC heap after
{Heap after GC invocations=44 (full 2):
 garbage-first heap   total 147456K, used 46224K [0x000000008ac00000, 0x0000000100000000)
  region size 1024K, 2 young (2048K), 2 survivors (2048K)
 Metaspace       used 72497K, committed 73024K, reserved 1114112K
  class space    used 10637K, committed 10880K, reserved 1048576K
}
Event: 61601.108 GC heap before
{Heap before GC invocations=44 (full 2):
 garbage-first heap   total 147456K, used 123024K [0x000000008ac00000, 0x0000000100000000)
  region size 1024K, 77 young (78848K), 2 survivors (2048K)
 Metaspace       used 72497K, committed 73024K, reserved 1114112K
  class space    used 10637K, committed 10880K, reserved 1048576K
}
Event: 61601.192 GC heap after
{Heap after GC invocations=45 (full 2):
 garbage-first heap   total 147456K, used 46293K [0x000000008ac00000, 0x0000000100000000)
  region size 1024K, 2 young (2048K), 2 survivors (2048K)
 Metaspace       used 72497K, committed 73024K, reserved 1114112K
  class space    used 10637K, committed 10880K, reserved 1048576K
}
Event: 62411.855 GC heap before
{Heap before GC invocations=45 (full 2):
 garbage-first heap   total 147456K, used 123093K [0x000000008ac00000, 0x0000000100000000)
  region size 1024K, 77 young (78848K), 2 survivors (2048K)
 Metaspace       used 72497K, committed 73024K, reserved 1114112K
  class space    used 10637K, committed 10880K, reserved 1048576K
}
Event: 62411.906 GC heap after
{Heap after GC invocations=46 (full 2):
 garbage-first heap   total 147456K, used 45971K [0x000000008ac00000, 0x0000000100000000)
  region size 1024K, 1 young (1024K), 1 survivors (1024K)
 Metaspace       used 72497K, committed 73024K, reserved 1114112K
  class space    used 10637K, committed 10880K, reserved 1048576K
}
Event: 63185.504 GC heap before
{Heap before GC invocations=46 (full 2):
 garbage-first heap   total 147456K, used 124819K [0x000000008ac00000, 0x0000000100000000)
  region size 1024K, 78 young (79872K), 1 survivors (1024K)
 Metaspace       used 72497K, committed 73024K, reserved 1114112K
  class space    used 10637K, committed 10880K, reserved 1048576K
}
Event: 63185.606 GC heap after
{Heap after GC invocations=47 (full 2):
 garbage-first heap   total 147456K, used 46133K [0x000000008ac00000, 0x0000000100000000)
  region size 1024K, 2 young (2048K), 2 survivors (2048K)
 Metaspace       used 72497K, committed 73024K, reserved 1114112K
  class space    used 10637K, committed 10880K, reserved 1048576K
}
Event: 64032.788 GC heap before
{Heap before GC invocations=47 (full 2):
 garbage-first heap   total 147456K, used 123957K [0x000000008ac00000, 0x0000000100000000)
  region size 1024K, 78 young (79872K), 2 survivors (2048K)
 Metaspace       used 72497K, committed 73024K, reserved 1114112K
  class space    used 10637K, committed 10880K, reserved 1048576K
}
Event: 64032.867 GC heap after
{Heap after GC invocations=48 (full 2):
 garbage-first heap   total 147456K, used 45958K [0x000000008ac00000, 0x0000000100000000)
  region size 1024K, 1 young (1024K), 1 survivors (1024K)
 Metaspace       used 72497K, committed 73024K, reserved 1114112K
  class space    used 10637K, committed 10880K, reserved 1048576K
}
Event: 128072.445 GC heap before
{Heap before GC invocations=48 (full 2):
 garbage-first heap   total 147456K, used 124806K [0x000000008ac00000, 0x0000000100000000)
  region size 1024K, 78 young (79872K), 1 survivors (1024K)
 Metaspace       used 72497K, committed 73024K, reserved 1114112K
  class space    used 10637K, committed 10880K, reserved 1048576K
}
Event: 128072.672 GC heap after
{Heap after GC invocations=49 (full 2):
 garbage-first heap   total 147456K, used 46440K [0x000000008ac00000, 0x0000000100000000)
  region size 1024K, 2 young (2048K), 2 survivors (2048K)
 Metaspace       used 72497K, committed 73024K, reserved 1114112K
  class space    used 10637K, committed 10880K, reserved 1048576K
}

